# JRE version: OpenJDK Runtime Environment Temurin-21.0.5+11 (21.0.5+11) (build 21.0.5+11-LTS)
# Java VM: OpenJDK 64-Bit Server VM Temurin-21.0.5+11 (21.0.5+11-LTS, mixed mode, sharing, tiered, compressed oops, compressed class ptrs, parallel gc, windows-amd64)
GC Precious Log:
 CardTable entry size: 512
 CPUs: 8 total, 8 available
 Memory: 16073M
 Large Page Support: Disabled
 NUMA Support: Disabled
 Compressed Oops: Enabled (32-bit)
 Alignments: Space 512K, Generation 512K, Heap 2M
 Heap Min Capacity: 100M
 Heap Initial Capacity: 100M
 Heap Max Capacity: 1G
 Pre-touch: Disabled
 Parallel Workers: 8
Heap:
 PSYoungGen      total 6656K, used 4868K [0x00000000eab00000, 0x00000000eb280000, 0x0000000100000000)
  eden space 5632K, 77% used [0x00000000eab00000,0x00000000eaf41b90,0x00000000eb080000)
  from space 1024K, 50% used [0x00000000eb080000,0x00000000eb100000,0x00000000eb180000)
  to   space 1024K, 0% used [0x00000000eb180000,0x00000000eb180000,0x00000000eb280000)
 ParOldGen       total 435200K, used 434905K [0x00000000c0000000, 0x00000000da900000, 0x00000000eab00000)
  object space 435200K, 99% used [0x00000000c0000000,0x00000000da8b6518,0x00000000da900000)
 Metaspace       used 60436K, committed 61824K, reserved 1114112K
  class space    used 6132K, committed 6784K, reserved 1048576K
GC Heap History (20 events):
Event: 56.391 GC heap before
{Heap before GC invocations=413 (full 3):
 PSYoungGen      total 7680K, used 7189K [0x00000000eab00000, 0x00000000eb480000, 0x0000000100000000)
  eden space 6144K, 100% used [0x00000000eab00000,0x00000000eb100000,0x00000000eb100000)
  from space 1536K, 68% used [0x00000000eb180000,0x00000000eb2854c0,0x00000000eb300000)
  to   space 1536K, 0% used [0x00000000eb300000,0x00000000eb300000,0x00000000eb480000)
 ParOldGen       total 428032K, used 427894K [0x00000000c0000000, 0x00000000da200000, 0x00000000eab00000)
  object space 428032K, 99% used [0x00000000c0000000,0x00000000da1dd9c8,0x00000000da200000)
 Metaspace       used 60264K, committed 61568K, reserved 1114112K
  class space    used 6127K, committed 6720K, reserved 1048576K
}
Event: 56.392 GC heap after
{Heap after GC invocations=413 (full 3):
 PSYoungGen      total 7168K, used 859K [0x00000000eab00000, 0x00000000eb400000, 0x0000000100000000)
  eden space 6144K, 0% used [0x00000000eab00000,0x00000000eab00000,0x00000000eb100000)
  from space 1024K, 83% used [0x00000000eb300000,0x00000000eb3d6c08,0x00000000eb400000)
  to   space 1024K, 0% used [0x00000000eb200000,0x00000000eb200000,0x00000000eb300000)
 ParOldGen       total 429056K, used 428734K [0x00000000c0000000, 0x00000000da300000, 0x00000000eab00000)
  object space 429056K, 99% used [0x00000000c0000000,0x00000000da2af9c8,0x00000000da300000)
 Metaspace       used 60264K, committed 61568K, reserved 1114112K
  class space    used 6127K, committed 6720K, reserved 1048576K
}
Event: 56.472 GC heap before
{Heap before GC invocations=414 (full 3):
 PSYoungGen      total 7168K, used 7003K [0x00000000eab00000, 0x00000000eb400000, 0x0000000100000000)
  eden space 6144K, 100% used [0x00000000eab00000,0x00000000eb100000,0x00000000eb100000)
  from space 1024K, 83% used [0x00000000eb300000,0x00000000eb3d6c08,0x00000000eb400000)
  to   space 1024K, 0% used [0x00000000eb200000,0x00000000eb200000,0x00000000eb300000)
 ParOldGen       total 429056K, used 428734K [0x00000000c0000000, 0x00000000da300000, 0x00000000eab00000)
  object space 429056K, 99% used [0x00000000c0000000,0x00000000da2af9c8,0x00000000da300000)
 Metaspace       used 60286K, committed 61568K, reserved 1114112K
  class space    used 6127K, committed 6720K, reserved 1048576K
}
Event: 56.474 GC heap after
{Heap after GC invocations=414 (full 3):
 PSYoungGen      total 7168K, used 726K [0x00000000eab00000, 0x00000000eb380000, 0x0000000100000000)
  eden space 6144K, 0% used [0x00000000eab00000,0x00000000eab00000,0x00000000eb100000)
  from space 1024K, 70% used [0x00000000eb200000,0x00000000eb2b5808,0x00000000eb300000)
  to   space 512K, 0% used [0x00000000eb300000,0x00000000eb300000,0x00000000eb380000)
 ParOldGen       total 429568K, used 429398K [0x00000000c0000000, 0x00000000da380000, 0x00000000eab00000)
  object space 429568K, 99% used [0x00000000c0000000,0x00000000da3559c8,0x00000000da380000)
 Metaspace       used 60286K, committed 61568K, reserved 1114112K
  class space    used 6127K, committed 6720K, reserved 1048576K
}
Event: 56.504 GC heap before
{Heap before GC invocations=415 (full 3):
 PSYoungGen      total 7168K, used 6870K [0x00000000eab00000, 0x00000000eb380000, 0x0000000100000000)
  eden space 6144K, 100% used [0x00000000eab00000,0x00000000eb100000,0x00000000eb100000)
  from space 1024K, 70% used [0x00000000eb200000,0x00000000eb2b5808,0x00000000eb300000)
  to   space 512K, 0% used [0x00000000eb300000,0x00000000eb300000,0x00000000eb380000)
 ParOldGen       total 429568K, used 429398K [0x00000000c0000000, 0x00000000da380000, 0x00000000eab00000)
  object space 429568K, 99% used [0x00000000c0000000,0x00000000da3559c8,0x00000000da380000)
 Metaspace       used 60287K, committed 61568K, reserved 1114112K
  class space    used 6127K, committed 6720K, reserved 1048576K
}
Event: 56.508 GC heap after
{Heap after GC invocations=415 (full 3):
 PSYoungGen      total 6656K, used 507K [0x00000000eab00000, 0x00000000eb400000, 0x0000000100000000)
  eden space 6144K, 0% used [0x00000000eab00000,0x00000000eab00000,0x00000000eb100000)
  from space 512K, 99% used [0x00000000eb300000,0x00000000eb37ec08,0x00000000eb380000)
  to   space 1536K, 0% used [0x00000000eb100000,0x00000000eb100000,0x00000000eb280000)
 ParOldGen       total 430592K, used 430196K [0x00000000c0000000, 0x00000000da480000, 0x00000000eab00000)
  object space 430592K, 99% used [0x00000000c0000000,0x00000000da41d1d0,0x00000000da480000)
 Metaspace       used 60287K, committed 61568K, reserved 1114112K
  class space    used 6127K, committed 6720K, reserved 1048576K
}
Event: 56.565 GC heap before
{Heap before GC invocations=416 (full 3):
 PSYoungGen      total 6656K, used 6644K [0x00000000eab00000, 0x00000000eb400000, 0x0000000100000000)
  eden space 6144K, 99% used [0x00000000eab00000,0x00000000eb0fe5b8,0x00000000eb100000)
  from space 512K, 99% used [0x00000000eb300000,0x00000000eb37ec08,0x00000000eb380000)
  to   space 1536K, 0% used [0x00000000eb100000,0x00000000eb100000,0x00000000eb280000)
 ParOldGen       total 430592K, used 430196K [0x00000000c0000000, 0x00000000da480000, 0x00000000eab00000)
  object space 430592K, 99% used [0x00000000c0000000,0x00000000da41d1d0,0x00000000da480000)
 Metaspace       used 60299K, committed 61632K, reserved 1114112K
  class space    used 6127K, committed 6720K, reserved 1048576K
}
Event: 56.569 GC heap after
{Heap after GC invocations=416 (full 3):
 PSYoungGen      total 7680K, used 1046K [0x00000000eab00000, 0x00000000eb400000, 0x0000000100000000)
  eden space 6144K, 0% used [0x00000000eab00000,0x00000000eab00000,0x00000000eb100000)
  from space 1536K, 68% used [0x00000000eb100000,0x00000000eb205808,0x00000000eb280000)
  to   space 1536K, 0% used [0x00000000eb280000,0x00000000eb280000,0x00000000eb400000)
 ParOldGen       total 431104K, used 430664K [0x00000000c0000000, 0x00000000da500000, 0x00000000eab00000)
  object space 431104K, 99% used [0x00000000c0000000,0x00000000da4921e0,0x00000000da500000)
 Metaspace       used 60299K, committed 61632K, reserved 1114112K
  class space    used 6127K, committed 6720K, reserved 1048576K
}
Event: 56.614 GC heap before
{Heap before GC invocations=417 (full 3):
 PSYoungGen      total 7680K, used 7190K [0x00000000eab00000, 0x00000000eb400000, 0x0000000100000000)
  eden space 6144K, 100% used [0x00000000eab00000,0x00000000eb100000,0x00000000eb100000)
  from space 1536K, 68% used [0x00000000eb100000,0x00000000eb205808,0x00000000eb280000)
  to   space 1536K, 0% used [0x00000000eb280000,0x00000000eb280000,0x00000000eb400000)
 ParOldGen       total 431104K, used 430664K [0x00000000c0000000, 0x00000000da500000, 0x00000000eab00000)
  object space 431104K, 99% used [0x00000000c0000000,0x00000000da4921e0,0x00000000da500000)
 Metaspace       used 60314K, committed 61632K, reserved 1114112K
  class space    used 6128K, committed 6720K, reserved 1048576K
}
Event: 56.616 GC heap after
{Heap after GC invocations=417 (full 3):
 PSYoungGen      total 7168K, used 864K [0x00000000eab00000, 0x00000000eb380000, 0x0000000100000000)
  eden space 6144K, 0% used [0x00000000eab00000,0x00000000eab00000,0x00000000eb100000)
  from space 1024K, 84% used [0x00000000eb280000,0x00000000eb358000,0x00000000eb380000)
  to   space 1024K, 0% used [0x00000000eb180000,0x00000000eb180000,0x00000000eb280000)
 ParOldGen       total 431616K, used 431590K [0x00000000c0000000, 0x00000000da580000, 0x00000000eab00000)
  object space 431616K, 99% used [0x00000000c0000000,0x00000000da5799e8,0x00000000da580000)
 Metaspace       used 60314K, committed 61632K, reserved 1114112K
  class space    used 6128K, committed 6720K, reserved 1048576K
}
Event: 56.665 GC heap before
{Heap before GC invocations=418 (full 3):
 PSYoungGen      total 7168K, used 7008K [0x00000000eab00000, 0x00000000eb380000, 0x0000000100000000)
  eden space 6144K, 100% used [0x00000000eab00000,0x00000000eb100000,0x00000000eb100000)
  from space 1024K, 84% used [0x00000000eb280000,0x00000000eb358000,0x00000000eb380000)
  to   space 1024K, 0% used [0x00000000eb180000,0x00000000eb180000,0x00000000eb280000)
 ParOldGen       total 431616K, used 431590K [0x00000000c0000000, 0x00000000da580000, 0x00000000eab00000)
  object space 431616K, 99% used [0x00000000c0000000,0x00000000da5799e8,0x00000000da580000)
 Metaspace       used 60319K, committed 61632K, reserved 1114112K
  class space    used 6128K, committed 6720K, reserved 1048576K
}
Event: 56.668 GC heap after
{Heap after GC invocations=418 (full 3):
 PSYoungGen      total 7168K, used 800K [0x00000000eab00000, 0x00000000eb300000, 0x0000000100000000)
  eden space 6144K, 0% used [0x00000000eab00000,0x00000000eab00000,0x00000000eb100000)
  from space 1024K, 78% used [0x00000000eb180000,0x00000000eb248000,0x00000000eb280000)
  to   space 512K, 0% used [0x00000000eb280000,0x00000000eb280000,0x00000000eb300000)
 ParOldGen       total 432640K, used 432302K [0x00000000c0000000, 0x00000000da680000, 0x00000000eab00000)
  object space 432640K, 99% used [0x00000000c0000000,0x00000000da62b9e8,0x00000000da680000)
 Metaspace       used 60319K, committed 61632K, reserved 1114112K
  class space    used 6128K, committed 6720K, reserved 1048576K
}
Event: 56.698 GC heap before
{Heap before GC invocations=419 (full 3):
 PSYoungGen      total 7168K, used 6944K [0x00000000eab00000, 0x00000000eb300000, 0x0000000100000000)
  eden space 6144K, 100% used [0x00000000eab00000,0x00000000eb100000,0x00000000eb100000)
  from space 1024K, 78% used [0x00000000eb180000,0x00000000eb248000,0x00000000eb280000)
  to   space 512K, 0% used [0x00000000eb280000,0x00000000eb280000,0x00000000eb300000)
 ParOldGen       total 432640K, used 432302K [0x00000000c0000000, 0x00000000da680000, 0x00000000eab00000)
  object space 432640K, 99% used [0x00000000c0000000,0x00000000da62b9e8,0x00000000da680000)
 Metaspace       used 60348K, committed 61632K, reserved 1114112K
  class space    used 6129K, committed 6720K, reserved 1048576K
}
Event: 56.700 GC heap after
{Heap after GC invocations=419 (full 3):
 PSYoungGen      total 6144K, used 512K [0x00000000eab00000, 0x00000000eb500000, 0x0000000100000000)
  eden space 5632K, 0% used [0x00000000eab00000,0x00000000eab00000,0x00000000eb080000)
  from space 512K, 100% used [0x00000000eb280000,0x00000000eb300000,0x00000000eb300000)
  to   space 2048K, 0% used [0x00000000eb080000,0x00000000eb080000,0x00000000eb280000)
 ParOldGen       total 433664K, used 433282K [0x00000000c0000000, 0x00000000da780000, 0x00000000eab00000)
  object space 433664K, 99% used [0x00000000c0000000,0x00000000da7209f0,0x00000000da780000)
 Metaspace       used 60348K, committed 61632K, reserved 1114112K
  class space    used 6129K, committed 6720K, reserved 1048576K
}
Event: 56.730 GC heap before
{Heap before GC invocations=420 (full 3):
 PSYoungGen      total 6144K, used 6144K [0x00000000eab00000, 0x00000000eb500000, 0x0000000100000000)
  eden space 5632K, 100% used [0x00000000eab00000,0x00000000eb080000,0x00000000eb080000)
  from space 512K, 100% used [0x00000000eb280000,0x00000000eb300000,0x00000000eb300000)
  to   space 2048K, 0% used [0x00000000eb080000,0x00000000eb080000,0x00000000eb280000)
 ParOldGen       total 433664K, used 433282K [0x00000000c0000000, 0x00000000da780000, 0x00000000eab00000)
  object space 433664K, 99% used [0x00000000c0000000,0x00000000da7209f0,0x00000000da780000)
 Metaspace       used 60350K, committed 61632K, reserved 1114112K
  class space    used 6129K, committed 6720K, reserved 1048576K
}
Event: 56.732 GC heap after
{Heap after GC invocations=420 (full 3):
 PSYoungGen      total 6656K, used 640K [0x00000000eab00000, 0x00000000eb300000, 0x0000000100000000)
  eden space 5632K, 0% used [0x00000000eab00000,0x00000000eab00000,0x00000000eb080000)
  from space 1024K, 62% used [0x00000000eb080000,0x00000000eb120000,0x00000000eb180000)
  to   space 1024K, 0% used [0x00000000eb200000,0x00000000eb200000,0x00000000eb300000)
 ParOldGen       total 434176K, used 433814K [0x00000000c0000000, 0x00000000da800000, 0x00000000eab00000)
  object space 434176K, 99% used [0x00000000c0000000,0x00000000da7a5a00,0x00000000da800000)
 Metaspace       used 60350K, committed 61632K, reserved 1114112K
  class space    used 6129K, committed 6720K, reserved 1048576K
}
Event: 56.777 GC heap before
{Heap before GC invocations=421 (full 3):
 PSYoungGen      total 6656K, used 6272K [0x00000000eab00000, 0x00000000eb300000, 0x0000000100000000)
  eden space 5632K, 100% used [0x00000000eab00000,0x00000000eb080000,0x00000000eb080000)
  from space 1024K, 62% used [0x00000000eb080000,0x00000000eb120000,0x00000000eb180000)
  to   space 1024K, 0% used [0x00000000eb200000,0x00000000eb200000,0x00000000eb300000)
 ParOldGen       total 434176K, used 433814K [0x00000000c0000000, 0x00000000da800000, 0x00000000eab00000)
  object space 434176K, 99% used [0x00000000c0000000,0x00000000da7a5a00,0x00000000da800000)
 Metaspace       used 60372K, committed 61760K, reserved 1114112K
  class space    used 6129K, committed 6720K, reserved 1048576K
}
Event: 56.780 GC heap after
{Heap after GC invocations=421 (full 3):
 PSYoungGen      total 6656K, used 768K [0x00000000eab00000, 0x00000000eb300000, 0x0000000100000000)
  eden space 5632K, 0% used [0x00000000eab00000,0x00000000eab00000,0x00000000eb080000)
  from space 1024K, 75% used [0x00000000eb200000,0x00000000eb2c0000,0x00000000eb300000)
  to   space 1024K, 0% used [0x00000000eb080000,0x00000000eb080000,0x00000000eb180000)
 ParOldGen       total 434688K, used 434305K [0x00000000c0000000, 0x00000000da880000, 0x00000000eab00000)
  object space 434688K, 99% used [0x00000000c0000000,0x00000000da820518,0x00000000da880000)
 Metaspace       used 60372K, committed 61760K, reserved 1114112K
  class space    used 6129K, committed 6720K, reserved 1048576K
}
Event: 56.862 GC heap before
{Heap before GC invocations=422 (full 3):
 PSYoungGen      total 6656K, used 6400K [0x00000000eab00000, 0x00000000eb300000, 0x0000000100000000)
  eden space 5632K, 100% used [0x00000000eab00000,0x00000000eb080000,0x00000000eb080000)
  from space 1024K, 75% used [0x00000000eb200000,0x00000000eb2c0000,0x00000000eb300000)
  to   space 1024K, 0% used [0x00000000eb080000,0x00000000eb080000,0x00000000eb180000)
 ParOldGen       total 434688K, used 434305K [0x00000000c0000000, 0x00000000da880000, 0x00000000eab00000)
  object space 434688K, 99% used [0x00000000c0000000,0x00000000da820518,0x00000000da880000)
 Metaspace       used 60402K, committed 61760K, reserved 1114112K
  class space    used 6129K, committed 6720K, reserved 1048576K
}
Event: 56.864 GC heap after
{Heap after GC invocations=422 (full 3):
 PSYoungGen      total 6656K, used 512K [0x00000000eab00000, 0x00000000eb280000, 0x0000000100000000)
  eden space 5632K, 0% used [0x00000000eab00000,0x00000000eab00000,0x00000000eb080000)
  from space 1024K, 50% used [0x00000000eb080000,0x00000000eb100000,0x00000000eb180000)
  to   space 1024K, 0% used [0x00000000eb180000,0x00000000eb180000,0x00000000eb280000)
 ParOldGen       total 435200K, used 434905K [0x00000000c0000000, 0x00000000da900000, 0x00000000eab00000)
  object space 435200K, 99% used [0x00000000c0000000,0x00000000da8b6518,0x00000000da900000)
 Metaspace       used 60402K, committed 61760K, reserved 1114112K
  class space    used 6129K, committed 6720K, reserved 1048576K
}

