# JRE version: OpenJDK Runtime Environment Temurin-21.0.5+11 (21.0.5+11) (build 21.0.5+11-LTS)
# Java VM: OpenJDK 64-Bit Server VM Temurin-21.0.5+11 (21.0.5+11-LTS, mixed mode, sharing, tiered, compressed oops, compressed class ptrs, parallel gc, windows-amd64)
GC Precious Log:
 CardTable entry size: 512
 CPUs: 8 total, 8 available
 Memory: 16073M
 Large Page Support: Disabled
 NUMA Support: Disabled
 Compressed Oops: Enabled (32-bit)
 Alignments: Space 512K, Generation 512K, Heap 2M
 Heap Min Capacity: 100M
 Heap Initial Capacity: 100M
 Heap Max Capacity: 1G
 Pre-touch: Disabled
 Parallel Workers: 8
Heap:
 PSYoungGen      total 26112K, used 17672K [0x00000000eab00000, 0x00000000ec780000, 0x0000000100000000)
  eden space 22016K, 80% used [0x00000000eab00000,0x00000000ebc422d8,0x00000000ec080000)
  from space 4096K, 0% used [0x00000000ec080000,0x00000000ec080000,0x00000000ec480000)
  to   space 2048K, 0% used [0x00000000ec580000,0x00000000ec580000,0x00000000ec780000)
 ParOldGen       total 68608K, used 19425K [0x00000000c0000000, 0x00000000c4300000, 0x00000000eab00000)
  object space 68608K, 28% used [0x00000000c0000000,0x00000000c12f8698,0x00000000c4300000)
 Metaspace       used 36938K, committed 38080K, reserved 1114112K
  class space    used 3740K, committed 4224K, reserved 1048576K
GC Heap History (20 events):
Event: 4.351 GC heap before
{Heap before GC invocations=6 (full 0):
 PSYoungGen      total 29184K, used 29177K [0x00000000eab00000, 0x00000000ecf80000, 0x0000000100000000)
  eden space 25088K, 100% used [0x00000000eab00000,0x00000000ec380000,0x00000000ec380000)
  from space 4096K, 99% used [0x00000000ec400000,0x00000000ec7fe750,0x00000000ec800000)
  to   space 6144K, 0% used [0x00000000ec980000,0x00000000ec980000,0x00000000ecf80000)
 ParOldGen       total 68608K, used 8391K [0x00000000c0000000, 0x00000000c4300000, 0x00000000eab00000)
  object space 68608K, 12% used [0x00000000c0000000,0x00000000c0831ee8,0x00000000c4300000)
 Metaspace       used 18901K, committed 19648K, reserved 1114112K
  class space    used 1889K, committed 2240K, reserved 1048576K
}
Event: 4.358 GC heap after
{Heap after GC invocations=6 (full 0):
 PSYoungGen      total 29184K, used 4125K [0x00000000eab00000, 0x00000000ece00000, 0x0000000100000000)
  eden space 24576K, 0% used [0x00000000eab00000,0x00000000eab00000,0x00000000ec300000)
  from space 4608K, 89% used [0x00000000ec980000,0x00000000ecd87490,0x00000000ece00000)
  to   space 5120K, 0% used [0x00000000ec400000,0x00000000ec400000,0x00000000ec900000)
 ParOldGen       total 68608K, used 8399K [0x00000000c0000000, 0x00000000c4300000, 0x00000000eab00000)
  object space 68608K, 12% used [0x00000000c0000000,0x00000000c0833ee8,0x00000000c4300000)
 Metaspace       used 18901K, committed 19648K, reserved 1114112K
  class space    used 1889K, committed 2240K, reserved 1048576K
}
Event: 4.534 GC heap before
{Heap before GC invocations=7 (full 0):
 PSYoungGen      total 29184K, used 18031K [0x00000000eab00000, 0x00000000ece00000, 0x0000000100000000)
  eden space 24576K, 56% used [0x00000000eab00000,0x00000000eb8947a0,0x00000000ec300000)
  from space 4608K, 89% used [0x00000000ec980000,0x00000000ecd87490,0x00000000ece00000)
  to   space 5120K, 0% used [0x00000000ec400000,0x00000000ec400000,0x00000000ec900000)
 ParOldGen       total 68608K, used 8399K [0x00000000c0000000, 0x00000000c4300000, 0x00000000eab00000)
  object space 68608K, 12% used [0x00000000c0000000,0x00000000c0833ee8,0x00000000c4300000)
 Metaspace       used 20637K, committed 21504K, reserved 1114112K
  class space    used 2104K, committed 2496K, reserved 1048576K
}
Event: 4.540 GC heap after
{Heap after GC invocations=7 (full 0):
 PSYoungGen      total 28672K, used 4044K [0x00000000eab00000, 0x00000000ecc00000, 0x0000000100000000)
  eden space 24576K, 0% used [0x00000000eab00000,0x00000000eab00000,0x00000000ec300000)
  from space 4096K, 98% used [0x00000000ec400000,0x00000000ec7f3238,0x00000000ec800000)
  to   space 4096K, 0% used [0x00000000ec800000,0x00000000ec800000,0x00000000ecc00000)
 ParOldGen       total 68608K, used 9549K [0x00000000c0000000, 0x00000000c4300000, 0x00000000eab00000)
  object space 68608K, 13% used [0x00000000c0000000,0x00000000c0953710,0x00000000c4300000)
 Metaspace       used 20637K, committed 21504K, reserved 1114112K
  class space    used 2104K, committed 2496K, reserved 1048576K
}
Event: 4.540 GC heap before
{Heap before GC invocations=8 (full 1):
 PSYoungGen      total 28672K, used 4044K [0x00000000eab00000, 0x00000000ecc00000, 0x0000000100000000)
  eden space 24576K, 0% used [0x00000000eab00000,0x00000000eab00000,0x00000000ec300000)
  from space 4096K, 98% used [0x00000000ec400000,0x00000000ec7f3238,0x00000000ec800000)
  to   space 4096K, 0% used [0x00000000ec800000,0x00000000ec800000,0x00000000ecc00000)
 ParOldGen       total 68608K, used 9549K [0x00000000c0000000, 0x00000000c4300000, 0x00000000eab00000)
  object space 68608K, 13% used [0x00000000c0000000,0x00000000c0953710,0x00000000c4300000)
 Metaspace       used 20637K, committed 21504K, reserved 1114112K
  class space    used 2104K, committed 2496K, reserved 1048576K
}
Event: 4.570 GC heap after
{Heap after GC invocations=8 (full 1):
 PSYoungGen      total 28672K, used 0K [0x00000000eab00000, 0x00000000ecc00000, 0x0000000100000000)
  eden space 24576K, 0% used [0x00000000eab00000,0x00000000eab00000,0x00000000ec300000)
  from space 4096K, 0% used [0x00000000ec400000,0x00000000ec400000,0x00000000ec800000)
  to   space 4096K, 0% used [0x00000000ec800000,0x00000000ec800000,0x00000000ecc00000)
 ParOldGen       total 68608K, used 13013K [0x00000000c0000000, 0x00000000c4300000, 0x00000000eab00000)
  object space 68608K, 18% used [0x00000000c0000000,0x00000000c0cb56d8,0x00000000c4300000)
 Metaspace       used 20624K, committed 21504K, reserved 1114112K
  class space    used 2101K, committed 2496K, reserved 1048576K
}
Event: 4.726 GC heap before
{Heap before GC invocations=9 (full 1):
 PSYoungGen      total 28672K, used 24576K [0x00000000eab00000, 0x00000000ecc00000, 0x0000000100000000)
  eden space 24576K, 100% used [0x00000000eab00000,0x00000000ec300000,0x00000000ec300000)
  from space 4096K, 0% used [0x00000000ec400000,0x00000000ec400000,0x00000000ec800000)
  to   space 4096K, 0% used [0x00000000ec800000,0x00000000ec800000,0x00000000ecc00000)
 ParOldGen       total 68608K, used 13013K [0x00000000c0000000, 0x00000000c4300000, 0x00000000eab00000)
  object space 68608K, 18% used [0x00000000c0000000,0x00000000c0cb56d8,0x00000000c4300000)
 Metaspace       used 22790K, committed 23744K, reserved 1114112K
  class space    used 2271K, committed 2688K, reserved 1048576K
}
Event: 4.727 GC heap after
{Heap after GC invocations=9 (full 1):
 PSYoungGen      total 25088K, used 755K [0x00000000eab00000, 0x00000000ec900000, 0x0000000100000000)
  eden space 24064K, 0% used [0x00000000eab00000,0x00000000eab00000,0x00000000ec280000)
  from space 1024K, 73% used [0x00000000ec800000,0x00000000ec8bceb0,0x00000000ec900000)
  to   space 2048K, 0% used [0x00000000ec500000,0x00000000ec500000,0x00000000ec700000)
 ParOldGen       total 68608K, used 13021K [0x00000000c0000000, 0x00000000c4300000, 0x00000000eab00000)
  object space 68608K, 18% used [0x00000000c0000000,0x00000000c0cb76d8,0x00000000c4300000)
 Metaspace       used 22790K, committed 23744K, reserved 1114112K
  class space    used 2271K, committed 2688K, reserved 1048576K
}
Event: 4.912 GC heap before
{Heap before GC invocations=10 (full 1):
 PSYoungGen      total 25088K, used 24733K [0x00000000eab00000, 0x00000000ec900000, 0x0000000100000000)
  eden space 24064K, 99% used [0x00000000eab00000,0x00000000ec26a810,0x00000000ec280000)
  from space 1024K, 73% used [0x00000000ec800000,0x00000000ec8bceb0,0x00000000ec900000)
  to   space 2048K, 0% used [0x00000000ec500000,0x00000000ec500000,0x00000000ec700000)
 ParOldGen       total 68608K, used 13021K [0x00000000c0000000, 0x00000000c4300000, 0x00000000eab00000)
  object space 68608K, 18% used [0x00000000c0000000,0x00000000c0cb76d8,0x00000000c4300000)
 Metaspace       used 26489K, committed 27392K, reserved 1114112K
  class space    used 2543K, committed 2944K, reserved 1048576K
}
Event: 4.913 GC heap after
{Heap after GC invocations=10 (full 1):
 PSYoungGen      total 25600K, used 944K [0x00000000eab00000, 0x00000000ec880000, 0x0000000100000000)
  eden space 23552K, 0% used [0x00000000eab00000,0x00000000eab00000,0x00000000ec200000)
  from space 2048K, 46% used [0x00000000ec500000,0x00000000ec5ec010,0x00000000ec700000)
  to   space 1536K, 0% used [0x00000000ec700000,0x00000000ec700000,0x00000000ec880000)
 ParOldGen       total 68608K, used 13029K [0x00000000c0000000, 0x00000000c4300000, 0x00000000eab00000)
  object space 68608K, 18% used [0x00000000c0000000,0x00000000c0cb96d8,0x00000000c4300000)
 Metaspace       used 26489K, committed 27392K, reserved 1114112K
  class space    used 2543K, committed 2944K, reserved 1048576K
}
Event: 5.186 GC heap before
{Heap before GC invocations=11 (full 1):
 PSYoungGen      total 25600K, used 24496K [0x00000000eab00000, 0x00000000ec880000, 0x0000000100000000)
  eden space 23552K, 100% used [0x00000000eab00000,0x00000000ec200000,0x00000000ec200000)
  from space 2048K, 46% used [0x00000000ec500000,0x00000000ec5ec010,0x00000000ec700000)
  to   space 1536K, 0% used [0x00000000ec700000,0x00000000ec700000,0x00000000ec880000)
 ParOldGen       total 68608K, used 13029K [0x00000000c0000000, 0x00000000c4300000, 0x00000000eab00000)
  object space 68608K, 18% used [0x00000000c0000000,0x00000000c0cb96d8,0x00000000c4300000)
 Metaspace       used 27958K, committed 28928K, reserved 1114112K
  class space    used 2649K, committed 3072K, reserved 1048576K
}
Event: 5.188 GC heap after
{Heap after GC invocations=11 (full 1):
 PSYoungGen      total 24576K, used 1134K [0x00000000eab00000, 0x00000000ec880000, 0x0000000100000000)
  eden space 23040K, 0% used [0x00000000eab00000,0x00000000eab00000,0x00000000ec180000)
  from space 1536K, 73% used [0x00000000ec700000,0x00000000ec81b890,0x00000000ec880000)
  to   space 1536K, 0% used [0x00000000ec580000,0x00000000ec580000,0x00000000ec700000)
 ParOldGen       total 68608K, used 15134K [0x00000000c0000000, 0x00000000c4300000, 0x00000000eab00000)
  object space 68608K, 22% used [0x00000000c0000000,0x00000000c0ec7bc8,0x00000000c4300000)
 Metaspace       used 27958K, committed 28928K, reserved 1114112K
  class space    used 2649K, committed 3072K, reserved 1048576K
}
Event: 5.409 GC heap before
{Heap before GC invocations=12 (full 1):
 PSYoungGen      total 24576K, used 24174K [0x00000000eab00000, 0x00000000ec880000, 0x0000000100000000)
  eden space 23040K, 100% used [0x00000000eab00000,0x00000000ec180000,0x00000000ec180000)
  from space 1536K, 73% used [0x00000000ec700000,0x00000000ec81b890,0x00000000ec880000)
  to   space 1536K, 0% used [0x00000000ec580000,0x00000000ec580000,0x00000000ec700000)
 ParOldGen       total 68608K, used 15134K [0x00000000c0000000, 0x00000000c4300000, 0x00000000eab00000)
  object space 68608K, 22% used [0x00000000c0000000,0x00000000c0ec7bc8,0x00000000c4300000)
 Metaspace       used 30972K, committed 32000K, reserved 1114112K
  class space    used 2981K, committed 3456K, reserved 1048576K
}
Event: 5.412 GC heap after
{Heap after GC invocations=12 (full 1):
 PSYoungGen      total 24064K, used 1532K [0x00000000eab00000, 0x00000000ec780000, 0x0000000100000000)
  eden space 22528K, 0% used [0x00000000eab00000,0x00000000eab00000,0x00000000ec100000)
  from space 1536K, 99% used [0x00000000ec580000,0x00000000ec6ff3b8,0x00000000ec700000)
  to   space 512K, 0% used [0x00000000ec700000,0x00000000ec700000,0x00000000ec780000)
 ParOldGen       total 68608K, used 16335K [0x00000000c0000000, 0x00000000c4300000, 0x00000000eab00000)
  object space 68608K, 23% used [0x00000000c0000000,0x00000000c0ff3f30,0x00000000c4300000)
 Metaspace       used 30972K, committed 32000K, reserved 1114112K
  class space    used 2981K, committed 3456K, reserved 1048576K
}
Event: 5.618 GC heap before
{Heap before GC invocations=13 (full 1):
 PSYoungGen      total 24064K, used 24060K [0x00000000eab00000, 0x00000000ec780000, 0x0000000100000000)
  eden space 22528K, 100% used [0x00000000eab00000,0x00000000ec100000,0x00000000ec100000)
  from space 1536K, 99% used [0x00000000ec580000,0x00000000ec6ff3b8,0x00000000ec700000)
  to   space 512K, 0% used [0x00000000ec700000,0x00000000ec700000,0x00000000ec780000)
 ParOldGen       total 68608K, used 16335K [0x00000000c0000000, 0x00000000c4300000, 0x00000000eab00000)
  object space 68608K, 23% used [0x00000000c0000000,0x00000000c0ff3f30,0x00000000c4300000)
 Metaspace       used 33840K, committed 35008K, reserved 1114112K
  class space    used 3331K, committed 3840K, reserved 1048576K
}
Event: 5.620 GC heap after
{Heap after GC invocations=13 (full 1):
 PSYoungGen      total 22528K, used 505K [0x00000000eab00000, 0x00000000ec880000, 0x0000000100000000)
  eden space 22016K, 0% used [0x00000000eab00000,0x00000000eab00000,0x00000000ec080000)
  from space 512K, 98% used [0x00000000ec700000,0x00000000ec77e5b8,0x00000000ec780000)
  to   space 4096K, 0% used [0x00000000ec080000,0x00000000ec080000,0x00000000ec480000)
 ParOldGen       total 68608K, used 19418K [0x00000000c0000000, 0x00000000c4300000, 0x00000000eab00000)
  object space 68608K, 28% used [0x00000000c0000000,0x00000000c12f6808,0x00000000c4300000)
 Metaspace       used 33840K, committed 35008K, reserved 1114112K
  class space    used 3331K, committed 3840K, reserved 1048576K
}
Event: 5.684 GC heap before
{Heap before GC invocations=14 (full 1):
 PSYoungGen      total 22528K, used 9785K [0x00000000eab00000, 0x00000000ec880000, 0x0000000100000000)
  eden space 22016K, 42% used [0x00000000eab00000,0x00000000eb4101a0,0x00000000ec080000)
  from space 512K, 98% used [0x00000000ec700000,0x00000000ec77e5b8,0x00000000ec780000)
  to   space 4096K, 0% used [0x00000000ec080000,0x00000000ec080000,0x00000000ec480000)
 ParOldGen       total 68608K, used 19418K [0x00000000c0000000, 0x00000000c4300000, 0x00000000eab00000)
  object space 68608K, 28% used [0x00000000c0000000,0x00000000c12f6808,0x00000000c4300000)
 Metaspace       used 34749K, committed 35840K, reserved 1114112K
  class space    used 3464K, committed 3968K, reserved 1048576K
}
Event: 5.685 GC heap after
{Heap after GC invocations=14 (full 1):
 PSYoungGen      total 26112K, used 640K [0x00000000eab00000, 0x00000000ec780000, 0x0000000100000000)
  eden space 22016K, 0% used [0x00000000eab00000,0x00000000eab00000,0x00000000ec080000)
  from space 4096K, 15% used [0x00000000ec080000,0x00000000ec120000,0x00000000ec480000)
  to   space 2048K, 0% used [0x00000000ec580000,0x00000000ec580000,0x00000000ec780000)
 ParOldGen       total 68608K, used 19933K [0x00000000c0000000, 0x00000000c4300000, 0x00000000eab00000)
  object space 68608K, 29% used [0x00000000c0000000,0x00000000c1377668,0x00000000c4300000)
 Metaspace       used 34749K, committed 35840K, reserved 1114112K
  class space    used 3464K, committed 3968K, reserved 1048576K
}
Event: 5.685 GC heap before
{Heap before GC invocations=15 (full 2):
 PSYoungGen      total 26112K, used 640K [0x00000000eab00000, 0x00000000ec780000, 0x0000000100000000)
  eden space 22016K, 0% used [0x00000000eab00000,0x00000000eab00000,0x00000000ec080000)
  from space 4096K, 15% used [0x00000000ec080000,0x00000000ec120000,0x00000000ec480000)
  to   space 2048K, 0% used [0x00000000ec580000,0x00000000ec580000,0x00000000ec780000)
 ParOldGen       total 68608K, used 19933K [0x00000000c0000000, 0x00000000c4300000, 0x00000000eab00000)
  object space 68608K, 29% used [0x00000000c0000000,0x00000000c1377668,0x00000000c4300000)
 Metaspace       used 34749K, committed 35840K, reserved 1114112K
  class space    used 3464K, committed 3968K, reserved 1048576K
}
Event: 5.716 GC heap after
{Heap after GC invocations=15 (full 2):
 PSYoungGen      total 26112K, used 0K [0x00000000eab00000, 0x00000000ec780000, 0x0000000100000000)
  eden space 22016K, 0% used [0x00000000eab00000,0x00000000eab00000,0x00000000ec080000)
  from space 4096K, 0% used [0x00000000ec080000,0x00000000ec080000,0x00000000ec480000)
  to   space 2048K, 0% used [0x00000000ec580000,0x00000000ec580000,0x00000000ec780000)
 ParOldGen       total 68608K, used 19425K [0x00000000c0000000, 0x00000000c4300000, 0x00000000eab00000)
  object space 68608K, 28% used [0x00000000c0000000,0x00000000c12f8698,0x00000000c4300000)
 Metaspace       used 34749K, committed 35840K, reserved 1114112K
  class space    used 3464K, committed 3968K, reserved 1048576K
}

