# JRE version: OpenJDK Runtime Environment Temurin-21.0.5+11 (21.0.5+11) (build 21.0.5+11-LTS)
# Java VM: OpenJDK 64-Bit Server VM Temurin-21.0.5+11 (21.0.5+11-LTS, mixed mode, sharing, tiered, compressed oops, compressed class ptrs, parallel gc, windows-amd64)
GC Precious Log:
 CardTable entry size: 512
 CPUs: 8 total, 8 available
 Memory: 16073M
 Large Page Support: Disabled
 NUMA Support: Disabled
 Compressed Oops: Enabled (32-bit)
 Alignments: Space 512K, Generation 512K, Heap 2M
 Heap Min Capacity: 100M
 Heap Initial Capacity: 100M
 Heap Max Capacity: 1G
 Pre-touch: Disabled
 Parallel Workers: 8
Heap:
 PSYoungGen      total 2560K, used 2385K [0x00000000eab00000, 0x00000000eae80000, 0x0000000100000000)
  eden space 2048K, 98% used [0x00000000eab00000,0x00000000eacf8370,0x00000000ead00000)
  from space 512K, 71% used [0x00000000ead80000,0x00000000eaddc228,0x00000000eae00000)
  to   space 512K, 62% used [0x00000000eae00000,0x00000000eae50000,0x00000000eae80000)
 ParOldGen       total 313344K, used 313336K [0x00000000c0000000, 0x00000000d3200000, 0x00000000eab00000)
  object space 313344K, 99% used [0x00000000c0000000,0x00000000d31fe2f0,0x00000000d3200000)
 Metaspace       used 54669K, committed 56000K, reserved 1114112K
  class space    used 5692K, committed 6272K, reserved 1048576K
GC Heap History (20 events):
Event: 15.619 GC heap after
{Heap after GC invocations=354 (full 2):
 PSYoungGen      total 2560K, used 502K [0x00000000eab00000, 0x00000000eaf00000, 0x0000000100000000)
  eden space 1536K, 0% used [0x00000000eab00000,0x00000000eab00000,0x00000000eac80000)
  from space 1024K, 49% used [0x00000000ead80000,0x00000000eadfda48,0x00000000eae80000)
  to   space 1024K, 0% used [0x00000000eac80000,0x00000000eac80000,0x00000000ead80000)
 ParOldGen       total 312320K, used 311919K [0x00000000c0000000, 0x00000000d3100000, 0x00000000eab00000)
  object space 312320K, 99% used [0x00000000c0000000,0x00000000d309bcb0,0x00000000d3100000)
 Metaspace       used 53680K, committed 55040K, reserved 1114112K
  class space    used 5599K, committed 6208K, reserved 1048576K
}
Event: 15.667 GC heap before
{Heap before GC invocations=355 (full 2):
 PSYoungGen      total 2560K, used 1906K [0x00000000eab00000, 0x00000000eaf00000, 0x0000000100000000)
  eden space 1536K, 91% used [0x00000000eab00000,0x00000000eac5f0b0,0x00000000eac80000)
  from space 1024K, 49% used [0x00000000ead80000,0x00000000eadfda48,0x00000000eae80000)
  to   space 1024K, 0% used [0x00000000eac80000,0x00000000eac80000,0x00000000ead80000)
 ParOldGen       total 312320K, used 311919K [0x00000000c0000000, 0x00000000d3100000, 0x00000000eab00000)
  object space 312320K, 99% used [0x00000000c0000000,0x00000000d309bcb0,0x00000000d3100000)
 Metaspace       used 53680K, committed 55040K, reserved 1114112K
  class space    used 5599K, committed 6208K, reserved 1048576K
}
Event: 15.669 GC heap after
{Heap after GC invocations=355 (full 2):
 PSYoungGen      total 2560K, used 935K [0x00000000eab00000, 0x00000000eae80000, 0x0000000100000000)
  eden space 1536K, 0% used [0x00000000eab00000,0x00000000eab00000,0x00000000eac80000)
  from space 1024K, 91% used [0x00000000eac80000,0x00000000ead69e58,0x00000000ead80000)
  to   space 1024K, 0% used [0x00000000ead80000,0x00000000ead80000,0x00000000eae80000)
 ParOldGen       total 312320K, used 311919K [0x00000000c0000000, 0x00000000d3100000, 0x00000000eab00000)
  object space 312320K, 99% used [0x00000000c0000000,0x00000000d309bcb0,0x00000000d3100000)
 Metaspace       used 53680K, committed 55040K, reserved 1114112K
  class space    used 5599K, committed 6208K, reserved 1048576K
}
Event: 15.699 GC heap before
{Heap before GC invocations=356 (full 2):
 PSYoungGen      total 2560K, used 2471K [0x00000000eab00000, 0x00000000eae80000, 0x0000000100000000)
  eden space 1536K, 100% used [0x00000000eab00000,0x00000000eac80000,0x00000000eac80000)
  from space 1024K, 91% used [0x00000000eac80000,0x00000000ead69e58,0x00000000ead80000)
  to   space 1024K, 0% used [0x00000000ead80000,0x00000000ead80000,0x00000000eae80000)
 ParOldGen       total 312320K, used 311919K [0x00000000c0000000, 0x00000000d3100000, 0x00000000eab00000)
  object space 312320K, 99% used [0x00000000c0000000,0x00000000d309bcb0,0x00000000d3100000)
 Metaspace       used 53681K, committed 55040K, reserved 1114112K
  class space    used 5599K, committed 6208K, reserved 1048576K
}
Event: 15.700 GC heap after
{Heap after GC invocations=356 (full 2):
 PSYoungGen      total 2560K, used 709K [0x00000000eab00000, 0x00000000eae80000, 0x0000000100000000)
  eden space 1536K, 0% used [0x00000000eab00000,0x00000000eab00000,0x00000000eac80000)
  from space 1024K, 69% used [0x00000000ead80000,0x00000000eae31460,0x00000000eae80000)
  to   space 1024K, 0% used [0x00000000eac80000,0x00000000eac80000,0x00000000ead80000)
 ParOldGen       total 312320K, used 311984K [0x00000000c0000000, 0x00000000d3100000, 0x00000000eab00000)
  object space 312320K, 99% used [0x00000000c0000000,0x00000000d30ac0b0,0x00000000d3100000)
 Metaspace       used 53681K, committed 55040K, reserved 1114112K
  class space    used 5599K, committed 6208K, reserved 1048576K
}
Event: 15.703 GC heap before
{Heap before GC invocations=357 (full 2):
 PSYoungGen      total 2560K, used 2245K [0x00000000eab00000, 0x00000000eae80000, 0x0000000100000000)
  eden space 1536K, 100% used [0x00000000eab00000,0x00000000eac80000,0x00000000eac80000)
  from space 1024K, 69% used [0x00000000ead80000,0x00000000eae31460,0x00000000eae80000)
  to   space 1024K, 0% used [0x00000000eac80000,0x00000000eac80000,0x00000000ead80000)
 ParOldGen       total 312320K, used 311984K [0x00000000c0000000, 0x00000000d3100000, 0x00000000eab00000)
  object space 312320K, 99% used [0x00000000c0000000,0x00000000d30ac0b0,0x00000000d3100000)
 Metaspace       used 53681K, committed 55040K, reserved 1114112K
  class space    used 5599K, committed 6208K, reserved 1048576K
}
Event: 15.704 GC heap after
{Heap after GC invocations=357 (full 2):
 PSYoungGen      total 2560K, used 758K [0x00000000eab00000, 0x00000000eae80000, 0x0000000100000000)
  eden space 1536K, 0% used [0x00000000eab00000,0x00000000eab00000,0x00000000eac80000)
  from space 1024K, 74% used [0x00000000eac80000,0x00000000ead3d978,0x00000000ead80000)
  to   space 1024K, 0% used [0x00000000ead80000,0x00000000ead80000,0x00000000eae80000)
 ParOldGen       total 312320K, used 311984K [0x00000000c0000000, 0x00000000d3100000, 0x00000000eab00000)
  object space 312320K, 99% used [0x00000000c0000000,0x00000000d30ac0b0,0x00000000d3100000)
 Metaspace       used 53681K, committed 55040K, reserved 1114112K
  class space    used 5599K, committed 6208K, reserved 1048576K
}
Event: 15.707 GC heap before
{Heap before GC invocations=358 (full 2):
 PSYoungGen      total 2560K, used 2142K [0x00000000eab00000, 0x00000000eae80000, 0x0000000100000000)
  eden space 1536K, 90% used [0x00000000eab00000,0x00000000eac5a188,0x00000000eac80000)
  from space 1024K, 74% used [0x00000000eac80000,0x00000000ead3d978,0x00000000ead80000)
  to   space 1024K, 0% used [0x00000000ead80000,0x00000000ead80000,0x00000000eae80000)
 ParOldGen       total 312320K, used 311984K [0x00000000c0000000, 0x00000000d3100000, 0x00000000eab00000)
  object space 312320K, 99% used [0x00000000c0000000,0x00000000d30ac0b0,0x00000000d3100000)
 Metaspace       used 53681K, committed 55040K, reserved 1114112K
  class space    used 5599K, committed 6208K, reserved 1048576K
}
Event: 15.709 GC heap after
{Heap after GC invocations=358 (full 2):
 PSYoungGen      total 2560K, used 837K [0x00000000eab00000, 0x00000000eaf00000, 0x0000000100000000)
  eden space 1536K, 0% used [0x00000000eab00000,0x00000000eab00000,0x00000000eac80000)
  from space 1024K, 81% used [0x00000000ead80000,0x00000000eae51470,0x00000000eae80000)
  to   space 1024K, 0% used [0x00000000eac80000,0x00000000eac80000,0x00000000ead80000)
 ParOldGen       total 312320K, used 311984K [0x00000000c0000000, 0x00000000d3100000, 0x00000000eab00000)
  object space 312320K, 99% used [0x00000000c0000000,0x00000000d30ac0b0,0x00000000d3100000)
 Metaspace       used 53681K, committed 55040K, reserved 1114112K
  class space    used 5599K, committed 6208K, reserved 1048576K
}
Event: 15.714 GC heap before
{Heap before GC invocations=359 (full 2):
 PSYoungGen      total 2560K, used 2239K [0x00000000eab00000, 0x00000000eaf00000, 0x0000000100000000)
  eden space 1536K, 91% used [0x00000000eab00000,0x00000000eac5e988,0x00000000eac80000)
  from space 1024K, 81% used [0x00000000ead80000,0x00000000eae51470,0x00000000eae80000)
  to   space 1024K, 0% used [0x00000000eac80000,0x00000000eac80000,0x00000000ead80000)
 ParOldGen       total 312320K, used 311984K [0x00000000c0000000, 0x00000000d3100000, 0x00000000eab00000)
  object space 312320K, 99% used [0x00000000c0000000,0x00000000d30ac0b0,0x00000000d3100000)
 Metaspace       used 53682K, committed 55040K, reserved 1114112K
  class space    used 5599K, committed 6208K, reserved 1048576K
}
Event: 15.715 GC heap after
{Heap after GC invocations=359 (full 2):
 PSYoungGen      total 2560K, used 353K [0x00000000eab00000, 0x00000000eaf00000, 0x0000000100000000)
  eden space 1536K, 0% used [0x00000000eab00000,0x00000000eab00000,0x00000000eac80000)
  from space 1024K, 34% used [0x00000000eac80000,0x00000000eacd86b0,0x00000000ead80000)
  to   space 1024K, 0% used [0x00000000eae00000,0x00000000eae00000,0x00000000eaf00000)
 ParOldGen       total 313344K, used 312840K [0x00000000c0000000, 0x00000000d3200000, 0x00000000eab00000)
  object space 313344K, 99% used [0x00000000c0000000,0x00000000d31822e8,0x00000000d3200000)
 Metaspace       used 53682K, committed 55040K, reserved 1114112K
  class space    used 5599K, committed 6208K, reserved 1048576K
}
Event: 15.717 GC heap before
{Heap before GC invocations=360 (full 2):
 PSYoungGen      total 2560K, used 1889K [0x00000000eab00000, 0x00000000eaf00000, 0x0000000100000000)
  eden space 1536K, 100% used [0x00000000eab00000,0x00000000eac80000,0x00000000eac80000)
  from space 1024K, 34% used [0x00000000eac80000,0x00000000eacd86b0,0x00000000ead80000)
  to   space 1024K, 0% used [0x00000000eae00000,0x00000000eae00000,0x00000000eaf00000)
 ParOldGen       total 313344K, used 312840K [0x00000000c0000000, 0x00000000d3200000, 0x00000000eab00000)
  object space 313344K, 99% used [0x00000000c0000000,0x00000000d31822e8,0x00000000d3200000)
 Metaspace       used 53682K, committed 55040K, reserved 1114112K
  class space    used 5599K, committed 6208K, reserved 1048576K
}
Event: 15.719 GC heap after
{Heap after GC invocations=360 (full 2):
 PSYoungGen      total 3072K, used 535K [0x00000000eab00000, 0x00000000eaf00000, 0x0000000100000000)
  eden space 2048K, 0% used [0x00000000eab00000,0x00000000eab00000,0x00000000ead00000)
  from space 1024K, 52% used [0x00000000eae00000,0x00000000eae85e80,0x00000000eaf00000)
  to   space 1024K, 0% used [0x00000000ead00000,0x00000000ead00000,0x00000000eae00000)
 ParOldGen       total 313344K, used 313106K [0x00000000c0000000, 0x00000000d3200000, 0x00000000eab00000)
  object space 313344K, 99% used [0x00000000c0000000,0x00000000d31c4998,0x00000000d3200000)
 Metaspace       used 53682K, committed 55040K, reserved 1114112K
  class space    used 5599K, committed 6208K, reserved 1048576K
}
Event: 15.762 GC heap before
{Heap before GC invocations=361 (full 2):
 PSYoungGen      total 3072K, used 2583K [0x00000000eab00000, 0x00000000eaf00000, 0x0000000100000000)
  eden space 2048K, 100% used [0x00000000eab00000,0x00000000ead00000,0x00000000ead00000)
  from space 1024K, 52% used [0x00000000eae00000,0x00000000eae85e80,0x00000000eaf00000)
  to   space 1024K, 0% used [0x00000000ead00000,0x00000000ead00000,0x00000000eae00000)
 ParOldGen       total 313344K, used 313106K [0x00000000c0000000, 0x00000000d3200000, 0x00000000eab00000)
  object space 313344K, 99% used [0x00000000c0000000,0x00000000d31c4998,0x00000000d3200000)
 Metaspace       used 54007K, committed 55360K, reserved 1114112K
  class space    used 5622K, committed 6208K, reserved 1048576K
}
Event: 15.764 GC heap after
{Heap after GC invocations=361 (full 2):
 PSYoungGen      total 3072K, used 304K [0x00000000eab00000, 0x00000000eae80000, 0x0000000100000000)
  eden space 2048K, 0% used [0x00000000eab00000,0x00000000eab00000,0x00000000ead00000)
  from space 1024K, 29% used [0x00000000ead00000,0x00000000ead4c0b8,0x00000000eae00000)
  to   space 512K, 0% used [0x00000000eae00000,0x00000000eae00000,0x00000000eae80000)
 ParOldGen       total 313344K, used 313106K [0x00000000c0000000, 0x00000000d3200000, 0x00000000eab00000)
  object space 313344K, 99% used [0x00000000c0000000,0x00000000d31c4998,0x00000000d3200000)
 Metaspace       used 54007K, committed 55360K, reserved 1114112K
  class space    used 5622K, committed 6208K, reserved 1048576K
}
Event: 15.826 GC heap before
{Heap before GC invocations=362 (full 2):
 PSYoungGen      total 3072K, used 2351K [0x00000000eab00000, 0x00000000eae80000, 0x0000000100000000)
  eden space 2048K, 99% used [0x00000000eab00000,0x00000000eacffbc0,0x00000000ead00000)
  from space 1024K, 29% used [0x00000000ead00000,0x00000000ead4c0b8,0x00000000eae00000)
  to   space 512K, 0% used [0x00000000eae00000,0x00000000eae00000,0x00000000eae80000)
 ParOldGen       total 313344K, used 313106K [0x00000000c0000000, 0x00000000d3200000, 0x00000000eab00000)
  object space 313344K, 99% used [0x00000000c0000000,0x00000000d31c4998,0x00000000d3200000)
 Metaspace       used 54341K, committed 55744K, reserved 1114112K
  class space    used 5659K, committed 6272K, reserved 1048576K
}
Event: 15.827 GC heap after
{Heap after GC invocations=362 (full 2):
 PSYoungGen      total 2560K, used 160K [0x00000000eab00000, 0x00000000eae80000, 0x0000000100000000)
  eden space 2048K, 0% used [0x00000000eab00000,0x00000000eab00000,0x00000000ead00000)
  from space 512K, 31% used [0x00000000eae00000,0x00000000eae28000,0x00000000eae80000)
  to   space 512K, 0% used [0x00000000ead80000,0x00000000ead80000,0x00000000eae00000)
 ParOldGen       total 313344K, used 313256K [0x00000000c0000000, 0x00000000d3200000, 0x00000000eab00000)
  object space 313344K, 99% used [0x00000000c0000000,0x00000000d31ea2f0,0x00000000d3200000)
 Metaspace       used 54341K, committed 55744K, reserved 1114112K
  class space    used 5659K, committed 6272K, reserved 1048576K
}
Event: 15.869 GC heap before
{Heap before GC invocations=363 (full 2):
 PSYoungGen      total 2560K, used 2178K [0x00000000eab00000, 0x00000000eae80000, 0x0000000100000000)
  eden space 2048K, 98% used [0x00000000eab00000,0x00000000eacf8a00,0x00000000ead00000)
  from space 512K, 31% used [0x00000000eae00000,0x00000000eae28000,0x00000000eae80000)
  to   space 512K, 0% used [0x00000000ead80000,0x00000000ead80000,0x00000000eae00000)
 ParOldGen       total 313344K, used 313256K [0x00000000c0000000, 0x00000000d3200000, 0x00000000eab00000)
  object space 313344K, 99% used [0x00000000c0000000,0x00000000d31ea2f0,0x00000000d3200000)
 Metaspace       used 54669K, committed 56000K, reserved 1114112K
  class space    used 5692K, committed 6272K, reserved 1048576K
}
Event: 15.870 GC heap after
{Heap after GC invocations=363 (full 2):
 PSYoungGen      total 2560K, used 368K [0x00000000eab00000, 0x00000000eae80000, 0x0000000100000000)
  eden space 2048K, 0% used [0x00000000eab00000,0x00000000eab00000,0x00000000ead00000)
  from space 512K, 71% used [0x00000000ead80000,0x00000000eaddc228,0x00000000eae00000)
  to   space 512K, 0% used [0x00000000eae00000,0x00000000eae00000,0x00000000eae80000)
 ParOldGen       total 313344K, used 313304K [0x00000000c0000000, 0x00000000d3200000, 0x00000000eab00000)
  object space 313344K, 99% used [0x00000000c0000000,0x00000000d31f62f0,0x00000000d3200000)
 Metaspace       used 54669K, committed 56000K, reserved 1114112K
  class space    used 5692K, committed 6272K, reserved 1048576K
}
Event: 15.877 GC heap before
{Heap before GC invocations=364 (full 2):
 PSYoungGen      total 2560K, used 2385K [0x00000000eab00000, 0x00000000eae80000, 0x0000000100000000)
  eden space 2048K, 98% used [0x00000000eab00000,0x00000000eacf8370,0x00000000ead00000)
  from space 512K, 71% used [0x00000000ead80000,0x00000000eaddc228,0x00000000eae00000)
  to   space 512K, 0% used [0x00000000eae00000,0x00000000eae00000,0x00000000eae80000)
 ParOldGen       total 313344K, used 313304K [0x00000000c0000000, 0x00000000d3200000, 0x00000000eab00000)
  object space 313344K, 99% used [0x00000000c0000000,0x00000000d31f62f0,0x00000000d3200000)
 Metaspace       used 54669K, committed 56000K, reserved 1114112K
  class space    used 5692K, committed 6272K, reserved 1048576K
}

